<?xml version="1.0" encoding="UTF-8"?>
<!-- Generated by org.testng.reporters.JUnitReportReporter -->
<testsuite hostname="DESKTOP-F35A2OF" failures="0" tests="1" name="seleniumproject2.Test1" time="0.077" errors="0" timestamp="2019-09-07T13:40:14 IST" skipped="0">
  <testcase classname="seleniumproject2.Test1" name="test" time="0.077"/>
</testsuite> <!-- seleniumproject2.Test1 -->
